{"C:\\Users\\ander\\Desktop\\Desafio SalaryFits\\backend\\src\\routes.ts": {"path":"C:\\Users\\ander\\Desktop\\Desafio SalaryFits\\backend\\src\\routes.ts","statementMap":{"0":{"start":{"line":2,"column":0},"end":{"line":2,"column":87}},"1":{"start":{"line":3,"column":0},"end":{"line":3,"column":83}},"2":{"start":{"line":4,"column":0},"end":{"line":4,"column":87}},"3":{"start":{"line":5,"column":0},"end":{"line":5,"column":87}},"4":{"start":{"line":6,"column":0},"end":{"line":6,"column":96}},"5":{"start":{"line":7,"column":0},"end":{"line":7,"column":96}},"6":{"start":{"line":8,"column":0},"end":{"line":8,"column":92}},"7":{"start":{"line":9,"column":0},"end":{"line":9,"column":96}},"8":{"start":{"line":10,"column":0},"end":{"line":10,"column":106}},"9":{"start":{"line":11,"column":0},"end":{"line":11,"column":106}},"10":{"start":{"line":12,"column":0},"end":{"line":12,"column":102}},"11":{"start":{"line":13,"column":0},"end":{"line":13,"column":106}},"12":{"start":{"line":21,"column":4},"end":{"line":23,"column":null}},"13":{"start":{"line":21,"column":83},"end":{"line":23,"column":6}},"14":{"start":{"line":22,"column":8},"end":{"line":22,"column":null}},"15":{"start":{"line":25,"column":4},"end":{"line":27,"column":null}},"16":{"start":{"line":25,"column":82},"end":{"line":27,"column":6}},"17":{"start":{"line":26,"column":8},"end":{"line":26,"column":null}},"18":{"start":{"line":29,"column":4},"end":{"line":31,"column":null}},"19":{"start":{"line":29,"column":83},"end":{"line":31,"column":6}},"20":{"start":{"line":30,"column":8},"end":{"line":30,"column":null}},"21":{"start":{"line":33,"column":4},"end":{"line":35,"column":null}},"22":{"start":{"line":33,"column":85},"end":{"line":35,"column":6}},"23":{"start":{"line":34,"column":8},"end":{"line":34,"column":null}},"24":{"start":{"line":41,"column":4},"end":{"line":43,"column":null}},"25":{"start":{"line":41,"column":80},"end":{"line":43,"column":6}},"26":{"start":{"line":42,"column":8},"end":{"line":42,"column":null}},"27":{"start":{"line":45,"column":4},"end":{"line":47,"column":null}},"28":{"start":{"line":45,"column":79},"end":{"line":47,"column":6}},"29":{"start":{"line":46,"column":8},"end":{"line":46,"column":null}},"30":{"start":{"line":49,"column":4},"end":{"line":51,"column":null}},"31":{"start":{"line":49,"column":80},"end":{"line":51,"column":6}},"32":{"start":{"line":50,"column":8},"end":{"line":50,"column":null}},"33":{"start":{"line":53,"column":4},"end":{"line":55,"column":null}},"34":{"start":{"line":53,"column":82},"end":{"line":55,"column":6}},"35":{"start":{"line":54,"column":8},"end":{"line":54,"column":null}},"36":{"start":{"line":61,"column":4},"end":{"line":63,"column":null}},"37":{"start":{"line":61,"column":87},"end":{"line":63,"column":6}},"38":{"start":{"line":62,"column":8},"end":{"line":62,"column":null}},"39":{"start":{"line":65,"column":4},"end":{"line":67,"column":null}},"40":{"start":{"line":65,"column":86},"end":{"line":67,"column":6}},"41":{"start":{"line":66,"column":8},"end":{"line":66,"column":null}},"42":{"start":{"line":69,"column":4},"end":{"line":71,"column":null}},"43":{"start":{"line":69,"column":87},"end":{"line":71,"column":6}},"44":{"start":{"line":70,"column":8},"end":{"line":70,"column":null}},"45":{"start":{"line":73,"column":4},"end":{"line":75,"column":null}},"46":{"start":{"line":73,"column":89},"end":{"line":75,"column":6}},"47":{"start":{"line":74,"column":8},"end":{"line":74,"column":null}},"48":{"start":{"line":15,"column":0},"end":{"line":15,"column":22}}},"fnMap":{"0":{"name":"routes","decl":{"start":{"line":15,"column":22},"end":{"line":15,"column":28}},"loc":{"start":{"line":15,"column":84},"end":{"line":80,"column":null}}},"1":{"name":"(anonymous_9)","decl":{"start":{"line":21,"column":28},"end":{"line":21,"column":35}},"loc":{"start":{"line":21,"column":83},"end":{"line":23,"column":6}}},"2":{"name":"(anonymous_10)","decl":{"start":{"line":21,"column":83},"end":{"line":21,"column":null}},"loc":{"start":{"line":21,"column":83},"end":{"line":23,"column":5}}},"3":{"name":"(anonymous_11)","decl":{"start":{"line":25,"column":27},"end":{"line":25,"column":34}},"loc":{"start":{"line":25,"column":82},"end":{"line":27,"column":6}}},"4":{"name":"(anonymous_12)","decl":{"start":{"line":25,"column":82},"end":{"line":25,"column":null}},"loc":{"start":{"line":25,"column":82},"end":{"line":27,"column":5}}},"5":{"name":"(anonymous_13)","decl":{"start":{"line":29,"column":28},"end":{"line":29,"column":35}},"loc":{"start":{"line":29,"column":83},"end":{"line":31,"column":6}}},"6":{"name":"(anonymous_14)","decl":{"start":{"line":29,"column":83},"end":{"line":29,"column":null}},"loc":{"start":{"line":29,"column":83},"end":{"line":31,"column":5}}},"7":{"name":"(anonymous_15)","decl":{"start":{"line":33,"column":30},"end":{"line":33,"column":37}},"loc":{"start":{"line":33,"column":85},"end":{"line":35,"column":6}}},"8":{"name":"(anonymous_16)","decl":{"start":{"line":33,"column":85},"end":{"line":33,"column":null}},"loc":{"start":{"line":33,"column":85},"end":{"line":35,"column":5}}},"9":{"name":"(anonymous_17)","decl":{"start":{"line":41,"column":25},"end":{"line":41,"column":32}},"loc":{"start":{"line":41,"column":80},"end":{"line":43,"column":6}}},"10":{"name":"(anonymous_18)","decl":{"start":{"line":41,"column":80},"end":{"line":41,"column":null}},"loc":{"start":{"line":41,"column":80},"end":{"line":43,"column":5}}},"11":{"name":"(anonymous_19)","decl":{"start":{"line":45,"column":24},"end":{"line":45,"column":31}},"loc":{"start":{"line":45,"column":79},"end":{"line":47,"column":6}}},"12":{"name":"(anonymous_20)","decl":{"start":{"line":45,"column":79},"end":{"line":45,"column":null}},"loc":{"start":{"line":45,"column":79},"end":{"line":47,"column":5}}},"13":{"name":"(anonymous_21)","decl":{"start":{"line":49,"column":25},"end":{"line":49,"column":32}},"loc":{"start":{"line":49,"column":80},"end":{"line":51,"column":6}}},"14":{"name":"(anonymous_22)","decl":{"start":{"line":49,"column":80},"end":{"line":49,"column":null}},"loc":{"start":{"line":49,"column":80},"end":{"line":51,"column":5}}},"15":{"name":"(anonymous_23)","decl":{"start":{"line":53,"column":27},"end":{"line":53,"column":34}},"loc":{"start":{"line":53,"column":82},"end":{"line":55,"column":6}}},"16":{"name":"(anonymous_24)","decl":{"start":{"line":53,"column":82},"end":{"line":53,"column":null}},"loc":{"start":{"line":53,"column":82},"end":{"line":55,"column":5}}},"17":{"name":"(anonymous_25)","decl":{"start":{"line":61,"column":32},"end":{"line":61,"column":39}},"loc":{"start":{"line":61,"column":87},"end":{"line":63,"column":6}}},"18":{"name":"(anonymous_26)","decl":{"start":{"line":61,"column":87},"end":{"line":61,"column":null}},"loc":{"start":{"line":61,"column":87},"end":{"line":63,"column":5}}},"19":{"name":"(anonymous_27)","decl":{"start":{"line":65,"column":31},"end":{"line":65,"column":38}},"loc":{"start":{"line":65,"column":86},"end":{"line":67,"column":6}}},"20":{"name":"(anonymous_28)","decl":{"start":{"line":65,"column":86},"end":{"line":65,"column":null}},"loc":{"start":{"line":65,"column":86},"end":{"line":67,"column":5}}},"21":{"name":"(anonymous_29)","decl":{"start":{"line":69,"column":32},"end":{"line":69,"column":39}},"loc":{"start":{"line":69,"column":87},"end":{"line":71,"column":6}}},"22":{"name":"(anonymous_30)","decl":{"start":{"line":69,"column":87},"end":{"line":69,"column":null}},"loc":{"start":{"line":69,"column":87},"end":{"line":71,"column":5}}},"23":{"name":"(anonymous_31)","decl":{"start":{"line":73,"column":34},"end":{"line":73,"column":41}},"loc":{"start":{"line":73,"column":89},"end":{"line":75,"column":6}}},"24":{"name":"(anonymous_32)","decl":{"start":{"line":73,"column":89},"end":{"line":73,"column":null}},"loc":{"start":{"line":73,"column":89},"end":{"line":75,"column":5}}}},"branchMap":{},"s":{"0":1,"1":1,"2":1,"3":1,"4":1,"5":1,"6":1,"7":1,"8":1,"9":1,"10":1,"11":1,"12":1,"13":1,"14":1,"15":1,"16":1,"17":1,"18":1,"19":1,"20":1,"21":1,"22":2,"23":2,"24":1,"25":1,"26":1,"27":1,"28":1,"29":1,"30":1,"31":1,"32":1,"33":1,"34":1,"35":1,"36":1,"37":1,"38":1,"39":1,"40":1,"41":1,"42":1,"43":1,"44":1,"45":1,"46":1,"47":1,"48":1},"f":{"0":1,"1":1,"2":1,"3":1,"4":1,"5":1,"6":1,"7":2,"8":2,"9":1,"10":1,"11":1,"12":1,"13":1,"14":1,"15":1,"16":1,"17":1,"18":1,"19":1,"20":1,"21":1,"22":1,"23":1,"24":1},"b":{}}
,"C:\\Users\\ander\\Desktop\\Desafio SalaryFits\\backend\\src\\controllers\\clientControllers\\CreateClientController.ts": {"path":"C:\\Users\\ander\\Desktop\\Desafio SalaryFits\\backend\\src\\controllers\\clientControllers\\CreateClientController.ts","statementMap":{"0":{"start":{"line":2,"column":0},"end":{"line":2,"column":88}},"1":{"start":{"line":6,"column":8},"end":{"line":24,"column":9}},"2":{"start":{"line":7,"column":43},"end":{"line":7,"column":null}},"3":{"start":{"line":13,"column":34},"end":{"line":13,"column":59}},"4":{"start":{"line":15,"column":27},"end":{"line":19,"column":14}},"5":{"start":{"line":21,"column":12},"end":{"line":21,"column":41}},"6":{"start":{"line":23,"column":12},"end":{"line":23,"column":72}},"7":{"start":{"line":28,"column":9},"end":{"line":28,"column":31}}},"fnMap":{"0":{"name":"(anonymous_7)","decl":{"start":{"line":5,"column":10},"end":{"line":5,"column":16}},"loc":{"start":{"line":5,"column":61},"end":{"line":25,"column":null}}}},"branchMap":{},"s":{"0":1,"1":1,"2":1,"3":1,"4":1,"5":1,"6":0,"7":1},"f":{"0":1},"b":{}}
,"C:\\Users\\ander\\Desktop\\Desafio SalaryFits\\backend\\src\\controllers\\clientControllers\\DeleteClientController.ts": {"path":"C:\\Users\\ander\\Desktop\\Desafio SalaryFits\\backend\\src\\controllers\\clientControllers\\DeleteClientController.ts","statementMap":{"0":{"start":{"line":2,"column":0},"end":{"line":2,"column":88}},"1":{"start":{"line":6,"column":8},"end":{"line":17,"column":9}},"2":{"start":{"line":7,"column":26},"end":{"line":7,"column":58}},"3":{"start":{"line":8,"column":23},"end":{"line":8,"column":39}},"4":{"start":{"line":10,"column":40},"end":{"line":10,"column":65}},"5":{"start":{"line":12,"column":35},"end":{"line":12,"column":76}},"6":{"start":{"line":14,"column":12},"end":{"line":14,"column":49}},"7":{"start":{"line":16,"column":12},"end":{"line":16,"column":72}},"8":{"start":{"line":21,"column":9},"end":{"line":21,"column":31}}},"fnMap":{"0":{"name":"(anonymous_7)","decl":{"start":{"line":5,"column":10},"end":{"line":5,"column":16}},"loc":{"start":{"line":5,"column":61},"end":{"line":18,"column":null}}}},"branchMap":{},"s":{"0":1,"1":2,"2":2,"3":2,"4":2,"5":2,"6":1,"7":1,"8":1},"f":{"0":2},"b":{}}
,"C:\\Users\\ander\\Desktop\\Desafio SalaryFits\\backend\\src\\controllers\\clientControllers\\ListClientController.ts": {"path":"C:\\Users\\ander\\Desktop\\Desafio SalaryFits\\backend\\src\\controllers\\clientControllers\\ListClientController.ts","statementMap":{"0":{"start":{"line":2,"column":0},"end":{"line":2,"column":84}},"1":{"start":{"line":6,"column":8},"end":{"line":15,"column":9}},"2":{"start":{"line":7,"column":31},"end":{"line":7,"column":67}},"3":{"start":{"line":9,"column":38},"end":{"line":9,"column":61}},"4":{"start":{"line":10,"column":28},"end":{"line":10,"column":67}},"5":{"start":{"line":12,"column":12},"end":{"line":12,"column":42}},"6":{"start":{"line":14,"column":12},"end":{"line":14,"column":72}},"7":{"start":{"line":19,"column":9},"end":{"line":19,"column":29}}},"fnMap":{"0":{"name":"(anonymous_7)","decl":{"start":{"line":5,"column":10},"end":{"line":5,"column":16}},"loc":{"start":{"line":5,"column":61},"end":{"line":16,"column":null}}}},"branchMap":{},"s":{"0":1,"1":1,"2":1,"3":1,"4":1,"5":1,"6":0,"7":1},"f":{"0":1},"b":{}}
,"C:\\Users\\ander\\Desktop\\Desafio SalaryFits\\backend\\src\\controllers\\clientControllers\\UpdateClientController.ts": {"path":"C:\\Users\\ander\\Desktop\\Desafio SalaryFits\\backend\\src\\controllers\\clientControllers\\UpdateClientController.ts","statementMap":{"0":{"start":{"line":2,"column":0},"end":{"line":2,"column":88}},"1":{"start":{"line":6,"column":8},"end":{"line":26,"column":9}},"2":{"start":{"line":7,"column":47},"end":{"line":7,"column":null}},"3":{"start":{"line":14,"column":40},"end":{"line":14,"column":65}},"4":{"start":{"line":16,"column":34},"end":{"line":21,"column":14}},"5":{"start":{"line":23,"column":12},"end":{"line":23,"column":48}},"6":{"start":{"line":25,"column":12},"end":{"line":25,"column":72}},"7":{"start":{"line":30,"column":9},"end":{"line":30,"column":31}}},"fnMap":{"0":{"name":"(anonymous_7)","decl":{"start":{"line":5,"column":10},"end":{"line":5,"column":16}},"loc":{"start":{"line":5,"column":61},"end":{"line":27,"column":null}}}},"branchMap":{},"s":{"0":1,"1":1,"2":1,"3":1,"4":1,"5":1,"6":0,"7":1},"f":{"0":1},"b":{}}
,"C:\\Users\\ander\\Desktop\\Desafio SalaryFits\\backend\\src\\controllers\\petControllers\\CreatePetController.ts": {"path":"C:\\Users\\ander\\Desktop\\Desafio SalaryFits\\backend\\src\\controllers\\petControllers\\CreatePetController.ts","statementMap":{"0":{"start":{"line":2,"column":0},"end":{"line":2,"column":79}},"1":{"start":{"line":6,"column":8},"end":{"line":20,"column":9}},"2":{"start":{"line":7,"column":46},"end":{"line":7,"column":null}},"3":{"start":{"line":13,"column":31},"end":{"line":13,"column":53}},"4":{"start":{"line":15,"column":24},"end":{"line":15,"column":75}},"5":{"start":{"line":17,"column":12},"end":{"line":17,"column":38}},"6":{"start":{"line":19,"column":12},"end":{"line":19,"column":72}},"7":{"start":{"line":24,"column":9},"end":{"line":24,"column":28}}},"fnMap":{"0":{"name":"(anonymous_7)","decl":{"start":{"line":5,"column":10},"end":{"line":5,"column":16}},"loc":{"start":{"line":5,"column":61},"end":{"line":21,"column":null}}}},"branchMap":{},"s":{"0":1,"1":1,"2":1,"3":1,"4":1,"5":1,"6":0,"7":1},"f":{"0":1},"b":{}}
,"C:\\Users\\ander\\Desktop\\Desafio SalaryFits\\backend\\src\\controllers\\petControllers\\DeletePetController.ts": {"path":"C:\\Users\\ander\\Desktop\\Desafio SalaryFits\\backend\\src\\controllers\\petControllers\\DeletePetController.ts","statementMap":{"0":{"start":{"line":2,"column":0},"end":{"line":2,"column":79}},"1":{"start":{"line":6,"column":8},"end":{"line":21,"column":9}},"2":{"start":{"line":7,"column":26},"end":{"line":7,"column":58}},"3":{"start":{"line":8,"column":23},"end":{"line":8,"column":39}},"4":{"start":{"line":10,"column":37},"end":{"line":10,"column":59}},"5":{"start":{"line":12,"column":32},"end":{"line":12,"column":70}},"6":{"start":{"line":14,"column":12},"end":{"line":18,"column":13}},"7":{"start":{"line":15,"column":16},"end":{"line":15,"column":50}},"8":{"start":{"line":17,"column":16},"end":{"line":17,"column":70}},"9":{"start":{"line":20,"column":12},"end":{"line":20,"column":72}},"10":{"start":{"line":25,"column":9},"end":{"line":25,"column":28}}},"fnMap":{"0":{"name":"(anonymous_7)","decl":{"start":{"line":5,"column":10},"end":{"line":5,"column":16}},"loc":{"start":{"line":5,"column":61},"end":{"line":22,"column":null}}}},"branchMap":{"0":{"loc":{"start":{"line":14,"column":12},"end":{"line":18,"column":13}},"type":"if","locations":[{"start":{"line":14,"column":12},"end":{"line":18,"column":13}},{"start":{"line":16,"column":19},"end":{"line":18,"column":13}}]}},"s":{"0":1,"1":1,"2":1,"3":1,"4":1,"5":1,"6":1,"7":1,"8":0,"9":0,"10":1},"f":{"0":1},"b":{"0":[1,0]}}
,"C:\\Users\\ander\\Desktop\\Desafio SalaryFits\\backend\\src\\controllers\\petControllers\\ListPetController.ts": {"path":"C:\\Users\\ander\\Desktop\\Desafio SalaryFits\\backend\\src\\controllers\\petControllers\\ListPetController.ts","statementMap":{"0":{"start":{"line":2,"column":0},"end":{"line":2,"column":75}},"1":{"start":{"line":6,"column":8},"end":{"line":18,"column":9}},"2":{"start":{"line":7,"column":26},"end":{"line":7,"column":62}},"3":{"start":{"line":9,"column":31},"end":{"line":9,"column":36}},"4":{"start":{"line":11,"column":35},"end":{"line":11,"column":55}},"5":{"start":{"line":13,"column":25},"end":{"line":13,"column":61}},"6":{"start":{"line":15,"column":12},"end":{"line":15,"column":39}},"7":{"start":{"line":17,"column":12},"end":{"line":17,"column":72}},"8":{"start":{"line":22,"column":9},"end":{"line":22,"column":26}}},"fnMap":{"0":{"name":"(anonymous_7)","decl":{"start":{"line":5,"column":10},"end":{"line":5,"column":16}},"loc":{"start":{"line":5,"column":61},"end":{"line":19,"column":null}}}},"branchMap":{},"s":{"0":1,"1":1,"2":1,"3":1,"4":1,"5":1,"6":1,"7":0,"8":1},"f":{"0":1},"b":{}}
,"C:\\Users\\ander\\Desktop\\Desafio SalaryFits\\backend\\src\\controllers\\petControllers\\UpdatePetController.ts": {"path":"C:\\Users\\ander\\Desktop\\Desafio SalaryFits\\backend\\src\\controllers\\petControllers\\UpdatePetController.ts","statementMap":{"0":{"start":{"line":2,"column":0},"end":{"line":2,"column":79}},"1":{"start":{"line":6,"column":8},"end":{"line":26,"column":9}},"2":{"start":{"line":7,"column":50},"end":{"line":7,"column":null}},"3":{"start":{"line":14,"column":37},"end":{"line":14,"column":59}},"4":{"start":{"line":16,"column":31},"end":{"line":21,"column":14}},"5":{"start":{"line":23,"column":12},"end":{"line":23,"column":45}},"6":{"start":{"line":25,"column":12},"end":{"line":25,"column":72}},"7":{"start":{"line":30,"column":9},"end":{"line":30,"column":28}}},"fnMap":{"0":{"name":"(anonymous_7)","decl":{"start":{"line":5,"column":10},"end":{"line":5,"column":16}},"loc":{"start":{"line":5,"column":61},"end":{"line":27,"column":null}}}},"branchMap":{},"s":{"0":1,"1":1,"2":1,"3":1,"4":1,"5":1,"6":0,"7":1},"f":{"0":1},"b":{}}
,"C:\\Users\\ander\\Desktop\\Desafio SalaryFits\\backend\\src\\controllers\\schedulingControllers\\CreateSchedulingController.ts": {"path":"C:\\Users\\ander\\Desktop\\Desafio SalaryFits\\backend\\src\\controllers\\schedulingControllers\\CreateSchedulingController.ts","statementMap":{"0":{"start":{"line":2,"column":0},"end":{"line":2,"column":100}},"1":{"start":{"line":6,"column":8},"end":{"line":26,"column":9}},"2":{"start":{"line":7,"column":64},"end":{"line":7,"column":null}},"3":{"start":{"line":14,"column":38},"end":{"line":14,"column":67}},"4":{"start":{"line":16,"column":29},"end":{"line":21,"column":14}},"5":{"start":{"line":23,"column":12},"end":{"line":23,"column":43}},"6":{"start":{"line":25,"column":12},"end":{"line":25,"column":72}},"7":{"start":{"line":30,"column":9},"end":{"line":30,"column":35}}},"fnMap":{"0":{"name":"(anonymous_7)","decl":{"start":{"line":5,"column":10},"end":{"line":5,"column":16}},"loc":{"start":{"line":5,"column":61},"end":{"line":27,"column":null}}}},"branchMap":{},"s":{"0":1,"1":1,"2":1,"3":1,"4":1,"5":1,"6":0,"7":1},"f":{"0":1},"b":{}}
,"C:\\Users\\ander\\Desktop\\Desafio SalaryFits\\backend\\src\\controllers\\schedulingControllers\\DeleteSchedulingController.ts": {"path":"C:\\Users\\ander\\Desktop\\Desafio SalaryFits\\backend\\src\\controllers\\schedulingControllers\\DeleteSchedulingController.ts","statementMap":{"0":{"start":{"line":2,"column":0},"end":{"line":2,"column":100}},"1":{"start":{"line":6,"column":8},"end":{"line":23,"column":9}},"2":{"start":{"line":7,"column":26},"end":{"line":7,"column":58}},"3":{"start":{"line":8,"column":23},"end":{"line":8,"column":39}},"4":{"start":{"line":10,"column":44},"end":{"line":10,"column":73}},"5":{"start":{"line":14,"column":39},"end":{"line":14,"column":84}},"6":{"start":{"line":16,"column":12},"end":{"line":20,"column":13}},"7":{"start":{"line":17,"column":16},"end":{"line":17,"column":57}},"8":{"start":{"line":19,"column":16},"end":{"line":19,"column":78}},"9":{"start":{"line":22,"column":12},"end":{"line":22,"column":72}},"10":{"start":{"line":27,"column":9},"end":{"line":27,"column":35}}},"fnMap":{"0":{"name":"(anonymous_7)","decl":{"start":{"line":5,"column":10},"end":{"line":5,"column":16}},"loc":{"start":{"line":5,"column":61},"end":{"line":24,"column":null}}}},"branchMap":{"0":{"loc":{"start":{"line":16,"column":12},"end":{"line":20,"column":13}},"type":"if","locations":[{"start":{"line":16,"column":12},"end":{"line":20,"column":13}},{"start":{"line":18,"column":19},"end":{"line":20,"column":13}}]}},"s":{"0":1,"1":1,"2":1,"3":1,"4":1,"5":1,"6":1,"7":1,"8":0,"9":0,"10":1},"f":{"0":1},"b":{"0":[1,0]}}
,"C:\\Users\\ander\\Desktop\\Desafio SalaryFits\\backend\\src\\controllers\\schedulingControllers\\ListSchedulingController.ts": {"path":"C:\\Users\\ander\\Desktop\\Desafio SalaryFits\\backend\\src\\controllers\\schedulingControllers\\ListSchedulingController.ts","statementMap":{"0":{"start":{"line":2,"column":0},"end":{"line":2,"column":96}},"1":{"start":{"line":6,"column":8},"end":{"line":26,"column":9}},"2":{"start":{"line":7,"column":26},"end":{"line":7,"column":null}},"3":{"start":{"line":13,"column":45},"end":{"line":13,"column":50}},"4":{"start":{"line":15,"column":42},"end":{"line":15,"column":69}},"5":{"start":{"line":17,"column":31},"end":{"line":20,"column":null}},"6":{"start":{"line":23,"column":12},"end":{"line":23,"column":45}},"7":{"start":{"line":25,"column":12},"end":{"line":25,"column":72}},"8":{"start":{"line":30,"column":9},"end":{"line":30,"column":33}}},"fnMap":{"0":{"name":"(anonymous_7)","decl":{"start":{"line":5,"column":10},"end":{"line":5,"column":16}},"loc":{"start":{"line":5,"column":61},"end":{"line":27,"column":null}}}},"branchMap":{},"s":{"0":1,"1":1,"2":1,"3":1,"4":1,"5":1,"6":1,"7":0,"8":1},"f":{"0":1},"b":{}}
,"C:\\Users\\ander\\Desktop\\Desafio SalaryFits\\backend\\src\\controllers\\schedulingControllers\\UpdateSchedulingController.ts": {"path":"C:\\Users\\ander\\Desktop\\Desafio SalaryFits\\backend\\src\\controllers\\schedulingControllers\\UpdateSchedulingController.ts","statementMap":{"0":{"start":{"line":2,"column":0},"end":{"line":2,"column":100}},"1":{"start":{"line":6,"column":8},"end":{"line":28,"column":9}},"2":{"start":{"line":7,"column":68},"end":{"line":7,"column":null}},"3":{"start":{"line":15,"column":44},"end":{"line":15,"column":73}},"4":{"start":{"line":17,"column":37},"end":{"line":23,"column":14}},"5":{"start":{"line":25,"column":12},"end":{"line":25,"column":51}},"6":{"start":{"line":27,"column":12},"end":{"line":27,"column":72}},"7":{"start":{"line":32,"column":9},"end":{"line":32,"column":35}}},"fnMap":{"0":{"name":"(anonymous_7)","decl":{"start":{"line":5,"column":10},"end":{"line":5,"column":16}},"loc":{"start":{"line":5,"column":61},"end":{"line":29,"column":null}}}},"branchMap":{},"s":{"0":1,"1":1,"2":1,"3":1,"4":1,"5":1,"6":0,"7":1},"f":{"0":1},"b":{}}
,"C:\\Users\\ander\\Desktop\\Desafio SalaryFits\\backend\\src\\prismaClient\\index.ts": {"path":"C:\\Users\\ander\\Desktop\\Desafio SalaryFits\\backend\\src\\prismaClient\\index.ts","statementMap":{"0":{"start":{"line":1,"column":0},"end":{"line":1,"column":46}},"1":{"start":{"line":3,"column":15},"end":{"line":3,"column":33}},"2":{"start":{"line":5,"column":0},"end":{"line":5,"column":22}}},"fnMap":{},"branchMap":{},"s":{"0":1,"1":1,"2":1},"f":{},"b":{}}
,"C:\\Users\\ander\\Desktop\\Desafio SalaryFits\\backend\\src\\services\\clientServices\\CreateClientService.ts": {"path":"C:\\Users\\ander\\Desktop\\Desafio SalaryFits\\backend\\src\\services\\clientServices\\CreateClientService.ts","statementMap":{"0":{"start":{"line":1,"column":0},"end":{"line":1,"column":40}},"1":{"start":{"line":11,"column":8},"end":{"line":30,"column":9}},"2":{"start":{"line":12,"column":12},"end":{"line":17,"column":13}},"3":{"start":{"line":13,"column":16},"end":{"line":16,"column":18}},"4":{"start":{"line":19,"column":27},"end":{"line":25,"column":14}},"5":{"start":{"line":27,"column":12},"end":{"line":27,"column":26}},"6":{"start":{"line":29,"column":12},"end":{"line":29,"column":24}},"7":{"start":{"line":34,"column":9},"end":{"line":34,"column":28}}},"fnMap":{"0":{"name":"(anonymous_8)","decl":{"start":{"line":10,"column":10},"end":{"line":10,"column":17}},"loc":{"start":{"line":10,"column":59},"end":{"line":31,"column":null}}}},"branchMap":{"0":{"loc":{"start":{"line":12,"column":12},"end":{"line":17,"column":13}},"type":"if","locations":[{"start":{"line":12,"column":12},"end":{"line":17,"column":13}}]},"1":{"loc":{"start":{"line":12,"column":16},"end":{"line":12,"column":41}},"type":"binary-expr","locations":[{"start":{"line":12,"column":16},"end":{"line":12,"column":21}},{"start":{"line":12,"column":25},"end":{"line":12,"column":31}},{"start":{"line":12,"column":35},"end":{"line":12,"column":41}}]}},"s":{"0":2,"1":2,"2":2,"3":0,"4":2,"5":2,"6":0,"7":2},"f":{"0":2},"b":{"0":[0],"1":[2,2,2]}}
,"C:\\Users\\ander\\Desktop\\Desafio SalaryFits\\backend\\src\\services\\clientServices\\DeleteClientService.ts": {"path":"C:\\Users\\ander\\Desktop\\Desafio SalaryFits\\backend\\src\\services\\clientServices\\DeleteClientService.ts","statementMap":{"0":{"start":{"line":1,"column":0},"end":{"line":1,"column":40}},"1":{"start":{"line":9,"column":8},"end":{"line":11,"column":9}},"2":{"start":{"line":10,"column":12},"end":{"line":10,"column":47}},"3":{"start":{"line":13,"column":8},"end":{"line":31,"column":11}},"4":{"start":{"line":33,"column":8},"end":{"line":33,"column":47}},"5":{"start":{"line":37,"column":9},"end":{"line":37,"column":28}}},"fnMap":{"0":{"name":"(anonymous_8)","decl":{"start":{"line":8,"column":10},"end":{"line":8,"column":17}},"loc":{"start":{"line":8,"column":43},"end":{"line":34,"column":null}}}},"branchMap":{"0":{"loc":{"start":{"line":9,"column":8},"end":{"line":11,"column":9}},"type":"if","locations":[{"start":{"line":9,"column":8},"end":{"line":11,"column":9}}]}},"s":{"0":2,"1":3,"2":0,"3":3,"4":2,"5":2},"f":{"0":3},"b":{"0":[0]}}
,"C:\\Users\\ander\\Desktop\\Desafio SalaryFits\\backend\\src\\services\\clientServices\\ListClientService.ts": {"path":"C:\\Users\\ander\\Desktop\\Desafio SalaryFits\\backend\\src\\services\\clientServices\\ListClientService.ts","statementMap":{"0":{"start":{"line":1,"column":0},"end":{"line":1,"column":40}},"1":{"start":{"line":5,"column":8},"end":{"line":24,"column":9}},"2":{"start":{"line":6,"column":28},"end":{"line":15,"column":14}},"3":{"start":{"line":17,"column":12},"end":{"line":17,"column":27}},"4":{"start":{"line":19,"column":12},"end":{"line":19,"column":61}},"5":{"start":{"line":20,"column":12},"end":{"line":23,"column":14}},"6":{"start":{"line":28,"column":9},"end":{"line":28,"column":26}}},"fnMap":{"0":{"name":"(anonymous_8)","decl":{"start":{"line":4,"column":10},"end":{"line":4,"column":17}},"loc":{"start":{"line":4,"column":33},"end":{"line":25,"column":null}}}},"branchMap":{},"s":{"0":2,"1":2,"2":2,"3":2,"4":0,"5":0,"6":2},"f":{"0":2},"b":{}}
,"C:\\Users\\ander\\Desktop\\Desafio SalaryFits\\backend\\src\\services\\clientServices\\UpdateClientService.ts": {"path":"C:\\Users\\ander\\Desktop\\Desafio SalaryFits\\backend\\src\\services\\clientServices\\UpdateClientService.ts","statementMap":{"0":{"start":{"line":1,"column":0},"end":{"line":1,"column":40}},"1":{"start":{"line":12,"column":8},"end":{"line":33,"column":9}},"2":{"start":{"line":13,"column":35},"end":{"line":15,"column":14}},"3":{"start":{"line":17,"column":12},"end":{"line":19,"column":13}},"4":{"start":{"line":18,"column":16},"end":{"line":18,"column":59}},"5":{"start":{"line":21,"column":34},"end":{"line":28,"column":14}},"6":{"start":{"line":30,"column":12},"end":{"line":30,"column":33}},"7":{"start":{"line":32,"column":12},"end":{"line":32,"column":24}},"8":{"start":{"line":37,"column":9},"end":{"line":37,"column":28}}},"fnMap":{"0":{"name":"(anonymous_8)","decl":{"start":{"line":11,"column":10},"end":{"line":11,"column":17}},"loc":{"start":{"line":11,"column":63},"end":{"line":34,"column":null}}}},"branchMap":{"0":{"loc":{"start":{"line":17,"column":12},"end":{"line":19,"column":13}},"type":"if","locations":[{"start":{"line":17,"column":12},"end":{"line":19,"column":13}}]},"1":{"loc":{"start":{"line":24,"column":26},"end":{"line":24,"column":53}},"type":"binary-expr","locations":[{"start":{"line":24,"column":26},"end":{"line":24,"column":30}},{"start":{"line":24,"column":34},"end":{"line":24,"column":53}}]},"2":{"loc":{"start":{"line":25,"column":27},"end":{"line":25,"column":56}},"type":"binary-expr","locations":[{"start":{"line":25,"column":27},"end":{"line":25,"column":32}},{"start":{"line":25,"column":36},"end":{"line":25,"column":56}}]},"3":{"loc":{"start":{"line":26,"column":27},"end":{"line":26,"column":56}},"type":"binary-expr","locations":[{"start":{"line":26,"column":27},"end":{"line":26,"column":32}},{"start":{"line":26,"column":36},"end":{"line":26,"column":56}}]}},"s":{"0":2,"1":2,"2":2,"3":2,"4":1,"5":1,"6":1,"7":0,"8":2},"f":{"0":2},"b":{"0":[1],"1":[1,0],"2":[1,0],"3":[1,0]}}
,"C:\\Users\\ander\\Desktop\\Desafio SalaryFits\\backend\\src\\services\\petServices\\CreatePetService.ts": {"path":"C:\\Users\\ander\\Desktop\\Desafio SalaryFits\\backend\\src\\services\\petServices\\CreatePetService.ts","statementMap":{"0":{"start":{"line":1,"column":0},"end":{"line":1,"column":40}},"1":{"start":{"line":11,"column":8},"end":{"line":39,"column":9}},"2":{"start":{"line":12,"column":12},"end":{"line":17,"column":13}},"3":{"start":{"line":13,"column":16},"end":{"line":16,"column":18}},"4":{"start":{"line":20,"column":27},"end":{"line":22,"column":14}},"5":{"start":{"line":24,"column":12},"end":{"line":26,"column":13}},"6":{"start":{"line":25,"column":16},"end":{"line":25,"column":59}},"7":{"start":{"line":28,"column":24},"end":{"line":34,"column":14}},"8":{"start":{"line":36,"column":12},"end":{"line":36,"column":23}},"9":{"start":{"line":38,"column":12},"end":{"line":38,"column":24}},"10":{"start":{"line":43,"column":9},"end":{"line":43,"column":25}}},"fnMap":{"0":{"name":"(anonymous_8)","decl":{"start":{"line":10,"column":10},"end":{"line":10,"column":17}},"loc":{"start":{"line":10,"column":59},"end":{"line":40,"column":null}}}},"branchMap":{"0":{"loc":{"start":{"line":12,"column":12},"end":{"line":17,"column":13}},"type":"if","locations":[{"start":{"line":12,"column":12},"end":{"line":17,"column":13}}]},"1":{"loc":{"start":{"line":12,"column":16},"end":{"line":12,"column":44}},"type":"binary-expr","locations":[{"start":{"line":12,"column":16},"end":{"line":12,"column":21}},{"start":{"line":12,"column":25},"end":{"line":12,"column":30}},{"start":{"line":12,"column":34},"end":{"line":12,"column":44}}]},"2":{"loc":{"start":{"line":24,"column":12},"end":{"line":26,"column":13}},"type":"if","locations":[{"start":{"line":24,"column":12},"end":{"line":26,"column":13}}]}},"s":{"0":2,"1":2,"2":2,"3":0,"4":2,"5":2,"6":0,"7":2,"8":2,"9":0,"10":2},"f":{"0":2},"b":{"0":[0],"1":[2,2,2],"2":[0]}}
,"C:\\Users\\ander\\Desktop\\Desafio SalaryFits\\backend\\src\\services\\petServices\\DeletePetService.ts": {"path":"C:\\Users\\ander\\Desktop\\Desafio SalaryFits\\backend\\src\\services\\petServices\\DeletePetService.ts","statementMap":{"0":{"start":{"line":1,"column":0},"end":{"line":1,"column":40}},"1":{"start":{"line":10,"column":8},"end":{"line":15,"column":9}},"2":{"start":{"line":11,"column":12},"end":{"line":14,"column":14}},"3":{"start":{"line":17,"column":8},"end":{"line":30,"column":11}},"4":{"start":{"line":32,"column":8},"end":{"line":32,"column":43}},"5":{"start":{"line":37,"column":9},"end":{"line":37,"column":25}}},"fnMap":{"0":{"name":"(anonymous_8)","decl":{"start":{"line":8,"column":10},"end":{"line":8,"column":17}},"loc":{"start":{"line":8,"column":40},"end":{"line":34,"column":null}}}},"branchMap":{"0":{"loc":{"start":{"line":10,"column":8},"end":{"line":15,"column":9}},"type":"if","locations":[{"start":{"line":10,"column":8},"end":{"line":15,"column":9}}]}},"s":{"0":2,"1":2,"2":0,"3":2,"4":2,"5":2},"f":{"0":2},"b":{"0":[0]}}
,"C:\\Users\\ander\\Desktop\\Desafio SalaryFits\\backend\\src\\services\\petServices\\ListPetService.ts": {"path":"C:\\Users\\ander\\Desktop\\Desafio SalaryFits\\backend\\src\\services\\petServices\\ListPetService.ts","statementMap":{"0":{"start":{"line":3,"column":0},"end":{"line":3,"column":40}},"1":{"start":{"line":7,"column":8},"end":{"line":26,"column":9}},"2":{"start":{"line":8,"column":25},"end":{"line":17,"column":14}},"3":{"start":{"line":19,"column":12},"end":{"line":19,"column":24}},"4":{"start":{"line":21,"column":12},"end":{"line":21,"column":57}},"5":{"start":{"line":22,"column":12},"end":{"line":25,"column":14}},"6":{"start":{"line":30,"column":9},"end":{"line":30,"column":23}}},"fnMap":{"0":{"name":"(anonymous_8)","decl":{"start":{"line":6,"column":10},"end":{"line":6,"column":17}},"loc":{"start":{"line":6,"column":33},"end":{"line":27,"column":null}}}},"branchMap":{},"s":{"0":2,"1":2,"2":2,"3":2,"4":0,"5":0,"6":2},"f":{"0":2},"b":{}}
,"C:\\Users\\ander\\Desktop\\Desafio SalaryFits\\backend\\src\\services\\petServices\\UpdatePetService.ts": {"path":"C:\\Users\\ander\\Desktop\\Desafio SalaryFits\\backend\\src\\services\\petServices\\UpdatePetService.ts","statementMap":{"0":{"start":{"line":1,"column":0},"end":{"line":1,"column":40}},"1":{"start":{"line":12,"column":8},"end":{"line":33,"column":9}},"2":{"start":{"line":13,"column":32},"end":{"line":15,"column":14}},"3":{"start":{"line":17,"column":12},"end":{"line":19,"column":13}},"4":{"start":{"line":18,"column":16},"end":{"line":18,"column":55}},"5":{"start":{"line":21,"column":31},"end":{"line":28,"column":14}},"6":{"start":{"line":30,"column":12},"end":{"line":30,"column":30}},"7":{"start":{"line":32,"column":12},"end":{"line":32,"column":24}},"8":{"start":{"line":37,"column":9},"end":{"line":37,"column":25}}},"fnMap":{"0":{"name":"(anonymous_8)","decl":{"start":{"line":11,"column":10},"end":{"line":11,"column":17}},"loc":{"start":{"line":11,"column":63},"end":{"line":34,"column":null}}}},"branchMap":{"0":{"loc":{"start":{"line":17,"column":12},"end":{"line":19,"column":13}},"type":"if","locations":[{"start":{"line":17,"column":12},"end":{"line":19,"column":13}}]},"1":{"loc":{"start":{"line":24,"column":26},"end":{"line":24,"column":50}},"type":"binary-expr","locations":[{"start":{"line":24,"column":26},"end":{"line":24,"column":30}},{"start":{"line":24,"column":34},"end":{"line":24,"column":50}}]},"2":{"loc":{"start":{"line":25,"column":26},"end":{"line":25,"column":50}},"type":"binary-expr","locations":[{"start":{"line":25,"column":26},"end":{"line":25,"column":30}},{"start":{"line":25,"column":34},"end":{"line":25,"column":50}}]},"3":{"loc":{"start":{"line":26,"column":31},"end":{"line":26,"column":65}},"type":"binary-expr","locations":[{"start":{"line":26,"column":31},"end":{"line":26,"column":40}},{"start":{"line":26,"column":44},"end":{"line":26,"column":65}}]}},"s":{"0":2,"1":2,"2":2,"3":2,"4":1,"5":1,"6":1,"7":0,"8":2},"f":{"0":2},"b":{"0":[1],"1":[1,0],"2":[1,0],"3":[1,0]}}
,"C:\\Users\\ander\\Desktop\\Desafio SalaryFits\\backend\\src\\services\\schedulingServices\\CreateSchedulingService.ts": {"path":"C:\\Users\\ander\\Desktop\\Desafio SalaryFits\\backend\\src\\services\\schedulingServices\\CreateSchedulingService.ts","statementMap":{"0":{"start":{"line":1,"column":0},"end":{"line":1,"column":40}},"1":{"start":{"line":12,"column":8},"end":{"line":31,"column":9}},"2":{"start":{"line":13,"column":12},"end":{"line":17,"column":13}},"3":{"start":{"line":14,"column":16},"end":{"line":16,"column":18}},"4":{"start":{"line":19,"column":29},"end":{"line":26,"column":14}},"5":{"start":{"line":28,"column":12},"end":{"line":28,"column":28}},"6":{"start":{"line":30,"column":12},"end":{"line":30,"column":24}},"7":{"start":{"line":35,"column":9},"end":{"line":35,"column":32}}},"fnMap":{"0":{"name":"(anonymous_8)","decl":{"start":{"line":11,"column":10},"end":{"line":11,"column":17}},"loc":{"start":{"line":11,"column":84},"end":{"line":32,"column":null}}}},"branchMap":{"0":{"loc":{"start":{"line":13,"column":12},"end":{"line":17,"column":13}},"type":"if","locations":[{"start":{"line":13,"column":12},"end":{"line":17,"column":13}}]},"1":{"loc":{"start":{"line":13,"column":16},"end":{"line":13,"column":54}},"type":"binary-expr","locations":[{"start":{"line":13,"column":16},"end":{"line":13,"column":26}},{"start":{"line":13,"column":30},"end":{"line":13,"column":37}},{"start":{"line":13,"column":41},"end":{"line":13,"column":54}}]}},"s":{"0":2,"1":3,"2":3,"3":1,"4":2,"5":2,"6":0,"7":2},"f":{"0":3},"b":{"0":[1],"1":[3,3,2]}}
,"C:\\Users\\ander\\Desktop\\Desafio SalaryFits\\backend\\src\\services\\schedulingServices\\DeleteSchedulingService.ts": {"path":"C:\\Users\\ander\\Desktop\\Desafio SalaryFits\\backend\\src\\services\\schedulingServices\\DeleteSchedulingService.ts","statementMap":{"0":{"start":{"line":1,"column":0},"end":{"line":1,"column":40}},"1":{"start":{"line":10,"column":8},"end":{"line":12,"column":9}},"2":{"start":{"line":11,"column":12},"end":{"line":11,"column":null}},"3":{"start":{"line":14,"column":29},"end":{"line":18,"column":10}},"4":{"start":{"line":20,"column":8},"end":{"line":22,"column":9}},"5":{"start":{"line":21,"column":12},"end":{"line":21,"column":null}},"6":{"start":{"line":24,"column":8},"end":{"line":28,"column":null}},"7":{"start":{"line":30,"column":8},"end":{"line":30,"column":null}},"8":{"start":{"line":35,"column":9},"end":{"line":35,"column":32}}},"fnMap":{"0":{"name":"(anonymous_8)","decl":{"start":{"line":8,"column":10},"end":{"line":8,"column":17}},"loc":{"start":{"line":8,"column":47},"end":{"line":32,"column":null}}}},"branchMap":{"0":{"loc":{"start":{"line":10,"column":8},"end":{"line":12,"column":9}},"type":"if","locations":[{"start":{"line":10,"column":8},"end":{"line":12,"column":9}}]},"1":{"loc":{"start":{"line":20,"column":8},"end":{"line":22,"column":9}},"type":"if","locations":[{"start":{"line":20,"column":8},"end":{"line":22,"column":9}}]}},"s":{"0":2,"1":4,"2":1,"3":3,"4":3,"5":1,"6":2,"7":2,"8":2},"f":{"0":4},"b":{"0":[1],"1":[1]}}
,"C:\\Users\\ander\\Desktop\\Desafio SalaryFits\\backend\\src\\services\\schedulingServices\\ListSchedulingService.ts": {"path":"C:\\Users\\ander\\Desktop\\Desafio SalaryFits\\backend\\src\\services\\schedulingServices\\ListSchedulingService.ts","statementMap":{"0":{"start":{"line":1,"column":0},"end":{"line":1,"column":40}},"1":{"start":{"line":5,"column":8},"end":{"line":49,"column":9}},"2":{"start":{"line":6,"column":40},"end":{"line":6,"column":73}},"3":{"start":{"line":8,"column":32},"end":{"line":40,"column":14}},"4":{"start":{"line":42,"column":12},"end":{"line":42,"column":31}},"5":{"start":{"line":44,"column":12},"end":{"line":44,"column":65}},"6":{"start":{"line":45,"column":12},"end":{"line":48,"column":14}},"7":{"start":{"line":53,"column":9},"end":{"line":53,"column":30}}},"fnMap":{"0":{"name":"(anonymous_8)","decl":{"start":{"line":4,"column":10},"end":{"line":4,"column":17}},"loc":{"start":{"line":4,"column":65},"end":{"line":50,"column":null}}}},"branchMap":{"0":{"loc":{"start":{"line":6,"column":40},"end":{"line":6,"column":73}},"type":"cond-expr","locations":[{"start":{"line":6,"column":47},"end":{"line":6,"column":61}},{"start":{"line":6,"column":64},"end":{"line":6,"column":73}}]},"1":{"loc":{"start":{"line":26,"column":34},"end":{"line":31,"column":35}},"type":"cond-expr","locations":[{"start":{"line":27,"column":26},"end":{"line":30,"column":null}},{"start":{"line":31,"column":26},"end":{"line":31,"column":35}}]}},"s":{"0":2,"1":2,"2":2,"3":2,"4":2,"5":0,"6":0,"7":2},"f":{"0":2},"b":{"0":[1,1],"1":[1,1]}}
,"C:\\Users\\ander\\Desktop\\Desafio SalaryFits\\backend\\src\\services\\schedulingServices\\UpdateSchedulingService.ts": {"path":"C:\\Users\\ander\\Desktop\\Desafio SalaryFits\\backend\\src\\services\\schedulingServices\\UpdateSchedulingService.ts","statementMap":{"0":{"start":{"line":1,"column":0},"end":{"line":1,"column":40}},"1":{"start":{"line":13,"column":8},"end":{"line":35,"column":9}},"2":{"start":{"line":14,"column":39},"end":{"line":16,"column":14}},"3":{"start":{"line":18,"column":12},"end":{"line":20,"column":13}},"4":{"start":{"line":19,"column":16},"end":{"line":19,"column":62}},"5":{"start":{"line":22,"column":37},"end":{"line":30,"column":14}},"6":{"start":{"line":32,"column":12},"end":{"line":32,"column":36}},"7":{"start":{"line":34,"column":12},"end":{"line":34,"column":24}},"8":{"start":{"line":39,"column":9},"end":{"line":39,"column":32}}},"fnMap":{"0":{"name":"(anonymous_8)","decl":{"start":{"line":12,"column":10},"end":{"line":12,"column":17}},"loc":{"start":{"line":12,"column":88},"end":{"line":36,"column":null}}}},"branchMap":{"0":{"loc":{"start":{"line":18,"column":12},"end":{"line":20,"column":13}},"type":"if","locations":[{"start":{"line":18,"column":12},"end":{"line":20,"column":13}}]},"1":{"loc":{"start":{"line":25,"column":28},"end":{"line":25,"column":63}},"type":"binary-expr","locations":[{"start":{"line":25,"column":28},"end":{"line":25,"column":34}},{"start":{"line":25,"column":38},"end":{"line":25,"column":63}}]},"2":{"loc":{"start":{"line":26,"column":31},"end":{"line":26,"column":72}},"type":"binary-expr","locations":[{"start":{"line":26,"column":31},"end":{"line":26,"column":40}},{"start":{"line":26,"column":44},"end":{"line":26,"column":72}}]},"3":{"loc":{"start":{"line":27,"column":28},"end":{"line":27,"column":63}},"type":"binary-expr","locations":[{"start":{"line":27,"column":28},"end":{"line":27,"column":34}},{"start":{"line":27,"column":38},"end":{"line":27,"column":63}}]},"4":{"loc":{"start":{"line":28,"column":34},"end":{"line":28,"column":81}},"type":"binary-expr","locations":[{"start":{"line":28,"column":34},"end":{"line":28,"column":46}},{"start":{"line":28,"column":50},"end":{"line":28,"column":81}}]}},"s":{"0":2,"1":3,"2":3,"3":3,"4":1,"5":2,"6":2,"7":1,"8":2},"f":{"0":3},"b":{"0":[1],"1":[2,0],"2":[2,2],"3":[2,2],"4":[2,1]}}
,"C:\\Users\\ander\\Desktop\\Desafio SalaryFits\\backend\\tests\\utils\\serverTest.ts": {"path":"C:\\Users\\ander\\Desktop\\Desafio SalaryFits\\backend\\tests\\utils\\serverTest.ts","statementMap":{"0":{"start":{"line":1,"column":0},"end":{"line":1,"column":30}},"1":{"start":{"line":2,"column":0},"end":{"line":2,"column":42}},"2":{"start":{"line":3,"column":0},"end":{"line":3,"column":40}},"3":{"start":{"line":6,"column":21},"end":{"line":17,"column":1}},"4":{"start":{"line":7,"column":16},"end":{"line":7,"column":41}},"5":{"start":{"line":9,"column":4},"end":{"line":9,"column":30}},"6":{"start":{"line":10,"column":4},"end":{"line":12,"column":7}},"7":{"start":{"line":11,"column":8},"end":{"line":11,"column":57}},"8":{"start":{"line":14,"column":4},"end":{"line":14,"column":25}},"9":{"start":{"line":16,"column":4},"end":{"line":16,"column":15}},"10":{"start":{"line":19,"column":9},"end":{"line":19,"column":21}}},"fnMap":{"0":{"name":"(anonymous_1)","decl":{"start":{"line":6,"column":21},"end":{"line":6,"column":24}},"loc":{"start":{"line":6,"column":26},"end":{"line":17,"column":1}}},"1":{"name":"(anonymous_2)","decl":{"start":{"line":10,"column":24},"end":{"line":10,"column":25}},"loc":{"start":{"line":10,"column":50},"end":{"line":12,"column":5}}}},"branchMap":{},"s":{"0":1,"1":1,"2":1,"3":1,"4":1,"5":1,"6":1,"7":0,"8":1,"9":1,"10":1},"f":{"0":1,"1":0},"b":{}}
}
